{
  "RSpec": {
    "coverage": {
      "/home/ubuntu/workspace/app/helpers/application_helper.rb": [
        1,
        null
      ],
      "/home/ubuntu/workspace/app/helpers/courses_helper.rb": [
        1,
        null
      ],
      "/home/ubuntu/workspace/app/helpers/professors_helper.rb": [
        1,
        null
      ],
      "/home/ubuntu/workspace/app/helpers/sessions_helper.rb": [
        1,
        null
      ],
      "/home/ubuntu/workspace/app/helpers/users_helper.rb": [
        1,
        null
      ],
      "/home/ubuntu/workspace/app/controllers/courses_controller.rb": [
        1,
        null,
        1,
        1,
        null,
        null,
        null,
        1,
        1,
        null,
        null,
        1,
        null,
        null,
        null,
        1,
        0,
        null,
        null,
        null,
        0,
        0,
        0,
        0,
        null,
        0,
        null,
        null,
        null,
        null,
        null,
        null,
        null,
        null,
        null,
        null,
        null,
        1,
        1,
        null,
        null,
        1,
        0,
        0,
        0,
        null,
        0,
        0,
        0,
        null,
        0,
        0,
        null,
        null,
        null,
        null,
        null,
        null,
        null,
        null,
        null,
        null,
        1,
        3,
        3,
        3,
        3,
        null,
        null,
        null
      ],
      "/home/ubuntu/workspace/app/controllers/application_controller.rb": [
        1,
        null,
        null,
        1,
        null
      ],
      "/home/ubuntu/workspace/app/controllers/professors_controller.rb": [
        1,
        null,
        1,
        1,
        null,
        null,
        null,
        1,
        1,
        null,
        null,
        1,
        null,
        null,
        null,
        1,
        0,
        null,
        null,
        null,
        0,
        0,
        null,
        null,
        0,
        null,
        0,
        null,
        0,
        0,
        null,
        null,
        null,
        null,
        null,
        null,
        null,
        null,
        null,
        null,
        1,
        1,
        null,
        null,
        null,
        1,
        0,
        0,
        0,
        0,
        0,
        0,
        null,
        0,
        0,
        null,
        null,
        null,
        null,
        null,
        null,
        null,
        null,
        null,
        null,
        null,
        null,
        null,
        null,
        1,
        3,
        3,
        3,
        3,
        null,
        null,
        null
      ],
      "/home/ubuntu/workspace/app/controllers/users_controller.rb": [
        1,
        1,
        null,
        null,
        1,
        1,
        null,
        null,
        1,
        6,
        6,
        6,
        null,
        0,
        null,
        6,
        null,
        null
      ],
      "/home/ubuntu/workspace/app/models/course.rb": [
        1,
        null,
        1,
        1,
        1,
        null
      ],
      "/home/ubuntu/workspace/app/models/professor.rb": [
        1,
        null,
        1,
        1,
        1,
        null
      ],
      "/home/ubuntu/workspace/app/models/user.rb": [
        1,
        1,
        1,
        1,
        1,
        1,
        null
      ],
      "/home/ubuntu/workspace/app/controllers/sessions_controller.rb": [
        0,
        0,
        0,
        0
      ],
      "/home/ubuntu/workspace/app/controllers/guide_controller.rb": [
        0,
        0,
        0,
        0,
        0,
        0
      ]
    },
    "timestamp": 1512604059
  },
  "Cucumber Features": {
    "coverage": {
      "/home/ubuntu/workspace/app/models/course.rb": [
        1,
        null,
        1,
        1,
        1,
        null
      ],
      "/home/ubuntu/workspace/app/models/professor.rb": [
        1,
        null,
        1,
        1,
        1,
        null
      ],
      "/home/ubuntu/workspace/app/controllers/courses_controller.rb": [
        1,
        null,
        1,
        5,
        null,
        null,
        null,
        1,
        13,
        null,
        null,
        1,
        null,
        null,
        null,
        1,
        3,
        null,
        null,
        null,
        3,
        3,
        2,
        2,
        null,
        1,
        null,
        null,
        null,
        null,
        null,
        null,
        null,
        null,
        null,
        null,
        null,
        1,
        1,
        null,
        null,
        1,
        1,
        1,
        1,
        null,
        1,
        0,
        0,
        null,
        1,
        1,
        null,
        null,
        null,
        null,
        null,
        null,
        null,
        null,
        null,
        null,
        1,
        1,
        1,
        1,
        1,
        null,
        null,
        null
      ],
      "/home/ubuntu/workspace/app/controllers/application_controller.rb": [
        1,
        null,
        null,
        1,
        null
      ],
      "/home/ubuntu/workspace/app/helpers/application_helper.rb": [
        1,
        null
      ],
      "/home/ubuntu/workspace/app/helpers/courses_helper.rb": [
        1,
        null
      ],
      "/home/ubuntu/workspace/app/helpers/professors_helper.rb": [
        1,
        null
      ],
      "/home/ubuntu/workspace/app/helpers/sessions_helper.rb": [
        1,
        null
      ],
      "/home/ubuntu/workspace/app/helpers/users_helper.rb": [
        1,
        null
      ],
      "/home/ubuntu/workspace/app/controllers/guide_controller.rb": [
        1,
        1,
        null,
        1,
        null,
        null
      ],
      "/home/ubuntu/workspace/app/controllers/professors_controller.rb": [
        1,
        null,
        1,
        6,
        null,
        null,
        null,
        1,
        14,
        null,
        null,
        1,
        null,
        null,
        null,
        1,
        3,
        null,
        null,
        null,
        3,
        3,
        null,
        null,
        2,
        null,
        2,
        null,
        1,
        1,
        null,
        null,
        null,
        null,
        null,
        null,
        null,
        null,
        null,
        null,
        1,
        1,
        null,
        null,
        null,
        1,
        1,
        1,
        1,
        1,
        0,
        0,
        null,
        1,
        1,
        null,
        null,
        null,
        null,
        null,
        null,
        null,
        null,
        null,
        null,
        null,
        null,
        null,
        null,
        1,
        1,
        1,
        1,
        1,
        null,
        null,
        null
      ],
      "/home/ubuntu/workspace/app/models/user.rb": [
        1,
        5,
        1,
        1,
        1,
        1,
        null
      ],
      "/home/ubuntu/workspace/app/controllers/users_controller.rb": [
        1,
        1,
        null,
        null,
        1,
        0,
        null,
        null,
        1,
        3,
        3,
        2,
        null,
        1,
        null,
        3,
        null,
        null
      ],
      "/home/ubuntu/workspace/app/controllers/sessions_controller.rb": [
        0,
        0,
        0,
        0
      ]
    },
    "timestamp": 1512585492
  }
}
