{
  "RSpec": {
    "coverage": {
      "/home/ubuntu/workspace/app/helpers/application_helper.rb": [
        1,
        null
      ],
      "/home/ubuntu/workspace/app/helpers/courses_helper.rb": [
        1,
        null
      ],
      "/home/ubuntu/workspace/app/helpers/professors_helper.rb": [
        1,
        null
      ],
      "/home/ubuntu/workspace/app/helpers/sessions_helper.rb": [
        1,
        null
      ],
      "/home/ubuntu/workspace/app/helpers/users_helper.rb": [
        1,
        null
      ],
      "/home/ubuntu/workspace/app/controllers/courses_controller.rb": [
        1,
        null,
        1,
        1,
        null,
        null,
        null,
        1,
        1,
        null,
        null,
        1,
        null,
        null,
        null,
        1,
        0,
        0,
        0,
        null,
        0,
        0,
        0,
        null,
        null,
        null,
        null,
        0,
        null,
        null,
        1,
        1,
        null,
        null,
        1,
        1,
        1,
        1,
        1,
        null,
        null,
        1,
        3,
        3,
        3,
        3,
        null,
        null,
        null,
        null,
        null,
        null,
        null
      ],
      "/home/ubuntu/workspace/app/controllers/application_controller.rb": [
        1,
        null,
        null,
        1,
        null
      ],
      "/home/ubuntu/workspace/app/controllers/professors_controller.rb": [
        1,
        null,
        1,
        1,
        null,
        null,
        null,
        1,
        1,
        null,
        null,
        1,
        null,
        null,
        null,
        1,
        0,
        0,
        0,
        null,
        0,
        0,
        0,
        null,
        null,
        null,
        null,
        0,
        null,
        null,
        1,
        1,
        null,
        null,
        null,
        1,
        1,
        1,
        1,
        1,
        null,
        null,
        1,
        3,
        3,
        3,
        3,
        null,
        null,
        null
      ],
      "/home/ubuntu/workspace/app/models/course.rb": [
        1,
        1,
        null
      ],
      "/home/ubuntu/workspace/app/models/professor.rb": [
        1,
        1,
        null
      ],
      "/home/ubuntu/workspace/app/controllers/users_controller.rb": [
        0,
        0,
        0,
        0
      ],
      "/home/ubuntu/workspace/app/controllers/sessions_controller.rb": [
        0,
        0,
        0,
        0
      ],
      "/home/ubuntu/workspace/app/controllers/guide_controller.rb": [
        0,
        0,
        0,
        0,
        0,
        0
      ],
      "/home/ubuntu/workspace/app/models/user.rb": [
        0,
        0,
        0,
        0,
        0,
        0,
        0
      ]
    },
    "timestamp": 1511385434
  },
  "Cucumber Features": {
    "coverage": {
      "/home/ubuntu/workspace/app/controllers/guide_controller.rb": [
        1,
        1,
        null,
        1,
        null,
        null
      ],
      "/home/ubuntu/workspace/app/controllers/application_controller.rb": [
        1,
        null,
        null,
        1,
        null
      ],
      "/home/ubuntu/workspace/app/helpers/application_helper.rb": [
        1,
        null
      ],
      "/home/ubuntu/workspace/app/helpers/courses_helper.rb": [
        1,
        null
      ],
      "/home/ubuntu/workspace/app/helpers/professors_helper.rb": [
        1,
        null
      ],
      "/home/ubuntu/workspace/app/helpers/sessions_helper.rb": [
        1,
        null
      ],
      "/home/ubuntu/workspace/app/helpers/users_helper.rb": [
        1,
        null
      ],
      "/home/ubuntu/workspace/app/controllers/users_controller.rb": [
        1,
        1,
        null,
        null,
        1,
        0,
        null,
        null,
        1,
        2,
        2,
        0,
        null,
        2,
        null,
        2,
        null,
        null
      ],
      "/home/ubuntu/workspace/app/models/user.rb": [
        1,
        3,
        1,
        1,
        1,
        1,
        null
      ],
      "/home/ubuntu/workspace/app/controllers/sessions_controller.rb": [
        0,
        0,
        0,
        0
      ],
      "/home/ubuntu/workspace/app/controllers/professors_controller.rb": [
        0,
        null,
        0,
        0,
        null,
        0,
        null,
        0,
        0,
        0,
        null,
        0,
        null,
        0,
        null,
        0,
        0,
        0,
        0,
        0,
        0,
        0,
        0,
        0,
        0,
        null,
        null,
        0,
        0,
        null,
        0,
        0,
        null,
        0,
        null,
        0,
        0,
        0,
        0,
        0,
        0,
        null,
        0,
        0,
        0,
        0,
        0,
        0,
        null,
        0
      ],
      "/home/ubuntu/workspace/app/controllers/courses_controller.rb": [
        0,
        null,
        0,
        0,
        null,
        0,
        null,
        0,
        0,
        0,
        null,
        0,
        null,
        0,
        null,
        0,
        0,
        0,
        0,
        0,
        0,
        0,
        0,
        0,
        0,
        null,
        null,
        0,
        0,
        null,
        0,
        0,
        0,
        null,
        0,
        0,
        0,
        0,
        0,
        0,
        null,
        0,
        0,
        0,
        0,
        0,
        0,
        null,
        null,
        null,
        null,
        null,
        0
      ],
      "/home/ubuntu/workspace/app/models/course.rb": [
        0,
        0,
        0
      ],
      "/home/ubuntu/workspace/app/models/professor.rb": [
        0,
        0,
        0
      ]
    },
    "timestamp": 1511803048
  }
}
